<?xml version="1.0" encoding="UTF-8"?>
<!-- Generated by org.testng.reporters.JUnitReportReporter -->
<testsuite hostname="DESKTOP-SELPL0P" failures="0" tests="4" name="regression.ValidateLoginUsingDataProvider" time="36.774" errors="0" timestamp="2024-06-13T16:40:51 IST" skipped="0">
  <testcase classname="regression.ValidateLoginUsingDataProvider" name="ValidateLoginTest1" time="11.672"/>
  <testcase classname="regression.ValidateLoginUsingDataProvider" name="ValidateLoginTest1" time="8.627"/>
  <testcase classname="regression.ValidateLoginUsingDataProvider" name="ValidateLoginTest1" time="7.932"/>
  <testcase classname="regression.ValidateLoginUsingDataProvider" name="ValidateLoginTest1" time="8.543"/>
</testsuite> <!-- regression.ValidateLoginUsingDataProvider -->
