<?xml version="1.0" encoding="UTF-8"?>
<!-- Generated by org.testng.reporters.JUnitReportReporter -->
<testsuite hostname="DESKTOP-SELPL0P" failures="0" tests="4" name="regression.ValidateLogin" time="36.274" errors="0" timestamp="2024-06-12T14:43:55 IST" skipped="0">
  <testcase classname="regression.ValidateLogin" name="ValidateLoginTest1" time="9.186"/>
  <testcase classname="regression.ValidateLogin" name="ValidateLoginTest4" time="8.066"/>
  <testcase classname="regression.ValidateLogin" name="ValidateLoginTest2" time="9.084"/>
  <testcase classname="regression.ValidateLogin" name="ValidateLoginTest3" time="9.938"/>
</testsuite> <!-- regression.ValidateLogin -->
