<?xml version="1.0" encoding="UTF-8"?>
<!-- Generated by org.testng.reporters.JUnitReportReporter -->
<testsuite hostname="DESKTOP-SELPL0P" failures="0" tests="1" name="regression.ValidateDataUsingExcelDataProvider" time="9.556" errors="0" timestamp="2024-06-14T15:32:25 IST" skipped="0">
  <testcase classname="regression.ValidateDataUsingExcelDataProvider" name="validateLogin" time="9.556"/>
</testsuite> <!-- regression.ValidateDataUsingExcelDataProvider -->
