<?xml version="1.0" encoding="UTF-8"?>
<!-- Generated by org.testng.reporters.JUnitReportReporter -->
<testsuite hostname="DESKTOP-SELPL0P" failures="0" tests="1" name="com.adactinhotelapp.testscripts.regression.ValidateLoginUsingPOMandDataProvider" time="7.817" errors="0" timestamp="2024-06-18T20:40:39 IST" skipped="0">
  <testcase classname="com.adactinhotelapp.testscripts.regression.ValidateLoginUsingPOMandDataProvider" name="validateLoginTest" time="7.817"/>
</testsuite> <!-- com.adactinhotelapp.testscripts.regression.ValidateLoginUsingPOMandDataProvider -->
